2025-09-13 14:06:55,532 - root - INFO - === Resilient Server Starting ===
2025-09-13 14:06:55,532 - ServerMonitor - INFO - Server monitor started (reporting every 30s)
2025-09-13 14:06:55,533 - root - INFO - All servers started successfully
2025-09-13 14:06:55,533 - root - INFO - TCP Server: localhost:8080
2025-09-13 14:06:55,533 - root - INFO - UDP Server: localhost:8081
2025-09-13 14:06:55,533 - root - INFO - Press Ctrl+C to shutdown
2025-09-13 14:06:55,535 - UDPServer - INFO - UDP Server listening on localhost:8081
2025-09-13 14:06:55,535 - TCPServer - INFO - TCP Server listening on localhost:8080
2025-09-13 14:06:58,781 - ClientManager - INFO - TCP client tcp_client_1 connected from ('127.0.0.1', 64378)
2025-09-13 14:06:58,782 - TCPServer - INFO - Handling client tcp_client_1 from ('127.0.0.1', 64378)
2025-09-13 14:07:00,132 - TCPServer - DEBUG - [tcp_client_1] Received: hey|7f550a9f...
2025-09-13 14:07:00,133 - FaultSimulator - WARNING - [TCP] Simulating delay: 3.52s for client tcp_client_1
2025-09-13 14:07:05,138 - TCPServer - DEBUG - [tcp_client_1] Sent response (12 bytes)
2025-09-13 14:07:05,139 - TCPServer - INFO - Client tcp_client_1 disconnected gracefully
2025-09-13 14:07:05,139 - ClientManager - INFO - TCP client tcp_client_1 disconnected. Session duration: 0:00:06.358774, Messages: 1 received, 1 sent
2025-09-13 14:07:05,139 - TCPServer - INFO - Client tcp_client_1 handler terminated
2025-09-13 14:07:25,536 - ServerMonitor - INFO - Server Stats - TCP Clients: 0, UDP Clients Seen: 0
2025-09-13 14:07:25,537 - ServerMonitor - DEBUG - Detailed stats: {
  "tcp_clients_active": 0,
  "udp_clients_seen": 0,
  "tcp_clients": {},
  "udp_clients": {}
}
2025-09-13 14:07:55,542 - ServerMonitor - INFO - Server Stats - TCP Clients: 0, UDP Clients Seen: 0
2025-09-13 14:07:55,543 - ServerMonitor - DEBUG - Detailed stats: {
  "tcp_clients_active": 0,
  "udp_clients_seen": 0,
  "tcp_clients": {},
  "udp_clients": {}
}
2025-09-13 14:08:25,545 - ServerMonitor - INFO - Server Stats - TCP Clients: 0, UDP Clients Seen: 0
2025-09-13 14:08:25,547 - ServerMonitor - DEBUG - Detailed stats: {
  "tcp_clients_active": 0,
  "udp_clients_seen": 0,
  "tcp_clients": {},
  "udp_clients": {}
}
2025-09-13 14:08:55,548 - ServerMonitor - INFO - Server Stats - TCP Clients: 0, UDP Clients Seen: 0
2025-09-13 14:08:55,552 - ServerMonitor - DEBUG - Detailed stats: {
  "tcp_clients_active": 0,
  "udp_clients_seen": 0,
  "tcp_clients": {},
  "udp_clients": {}
}
2025-09-13 14:09:25,555 - ServerMonitor - INFO - Server Stats - TCP Clients: 0, UDP Clients Seen: 0
2025-09-13 14:09:25,557 - ServerMonitor - DEBUG - Detailed stats: {
  "tcp_clients_active": 0,
  "udp_clients_seen": 0,
  "tcp_clients": {},
  "udp_clients": {}
}
2025-09-13 14:09:55,562 - ServerMonitor - INFO - Server Stats - TCP Clients: 0, UDP Clients Seen: 0
2025-09-13 14:09:55,564 - ServerMonitor - DEBUG - Detailed stats: {
  "tcp_clients_active": 0,
  "udp_clients_seen": 0,
  "tcp_clients": {},
  "udp_clients": {}
}
2025-09-13 14:10:25,564 - ServerMonitor - INFO - Server Stats - TCP Clients: 0, UDP Clients Seen: 0
2025-09-13 14:10:25,566 - ServerMonitor - DEBUG - Detailed stats: {
  "tcp_clients_active": 0,
  "udp_clients_seen": 0,
  "tcp_clients": {},
  "udp_clients": {}
}
2025-09-13 14:10:55,570 - ServerMonitor - INFO - Server Stats - TCP Clients: 0, UDP Clients Seen: 0
2025-09-13 14:10:55,571 - ServerMonitor - DEBUG - Detailed stats: {
  "tcp_clients_active": 0,
  "udp_clients_seen": 0,
  "tcp_clients": {},
  "udp_clients": {}
}
2025-09-13 14:11:25,572 - ServerMonitor - INFO - Server Stats - TCP Clients: 0, UDP Clients Seen: 0
2025-09-13 14:11:25,573 - ServerMonitor - DEBUG - Detailed stats: {
  "tcp_clients_active": 0,
  "udp_clients_seen": 0,
  "tcp_clients": {},
  "udp_clients": {}
}
2025-09-13 14:11:55,579 - ServerMonitor - INFO - Server Stats - TCP Clients: 0, UDP Clients Seen: 0
2025-09-13 14:11:55,582 - ServerMonitor - DEBUG - Detailed stats: {
  "tcp_clients_active": 0,
  "udp_clients_seen": 0,
  "tcp_clients": {},
  "udp_clients": {}
}
2025-09-13 14:12:25,582 - ServerMonitor - INFO - Server Stats - TCP Clients: 0, UDP Clients Seen: 0
2025-09-13 14:12:25,585 - ServerMonitor - DEBUG - Detailed stats: {
  "tcp_clients_active": 0,
  "udp_clients_seen": 0,
  "tcp_clients": {},
  "udp_clients": {}
}
2025-09-13 14:12:55,588 - ServerMonitor - INFO - Server Stats - TCP Clients: 0, UDP Clients Seen: 0
2025-09-13 14:12:55,589 - ServerMonitor - DEBUG - Detailed stats: {
  "tcp_clients_active": 0,
  "udp_clients_seen": 0,
  "tcp_clients": {},
  "udp_clients": {}
}
2025-09-13 14:13:25,590 - ServerMonitor - INFO - Server Stats - TCP Clients: 0, UDP Clients Seen: 0
2025-09-13 14:13:25,593 - ServerMonitor - DEBUG - Detailed stats: {
  "tcp_clients_active": 0,
  "udp_clients_seen": 0,
  "tcp_clients": {},
  "udp_clients": {}
}
2025-09-13 14:13:55,592 - ServerMonitor - INFO - Server Stats - TCP Clients: 0, UDP Clients Seen: 0
2025-09-13 14:13:55,594 - ServerMonitor - DEBUG - Detailed stats: {
  "tcp_clients_active": 0,
  "udp_clients_seen": 0,
  "tcp_clients": {},
  "udp_clients": {}
}
2025-09-13 14:14:25,595 - ServerMonitor - INFO - Server Stats - TCP Clients: 0, UDP Clients Seen: 0
2025-09-13 14:14:25,597 - ServerMonitor - DEBUG - Detailed stats: {
  "tcp_clients_active": 0,
  "udp_clients_seen": 0,
  "tcp_clients": {},
  "udp_clients": {}
}
2025-09-13 14:14:55,598 - ServerMonitor - INFO - Server Stats - TCP Clients: 0, UDP Clients Seen: 0
2025-09-13 14:14:55,600 - ServerMonitor - DEBUG - Detailed stats: {
  "tcp_clients_active": 0,
  "udp_clients_seen": 0,
  "tcp_clients": {},
  "udp_clients": {}
}
2025-09-13 14:15:25,604 - ServerMonitor - INFO - Server Stats - TCP Clients: 0, UDP Clients Seen: 0
2025-09-13 14:15:25,607 - ServerMonitor - DEBUG - Detailed stats: {
  "tcp_clients_active": 0,
  "udp_clients_seen": 0,
  "tcp_clients": {},
  "udp_clients": {}
}
2025-09-13 14:15:55,609 - ServerMonitor - INFO - Server Stats - TCP Clients: 0, UDP Clients Seen: 0
2025-09-13 14:15:55,611 - ServerMonitor - DEBUG - Detailed stats: {
  "tcp_clients_active": 0,
  "udp_clients_seen": 0,
  "tcp_clients": {},
  "udp_clients": {}
}
2025-09-13 14:16:25,611 - ServerMonitor - INFO - Server Stats - TCP Clients: 0, UDP Clients Seen: 0
2025-09-13 14:16:25,612 - ServerMonitor - DEBUG - Detailed stats: {
  "tcp_clients_active": 0,
  "udp_clients_seen": 0,
  "tcp_clients": {},
  "udp_clients": {}
}
2025-09-13 14:16:55,616 - ServerMonitor - INFO - Server Stats - TCP Clients: 0, UDP Clients Seen: 0
2025-09-13 14:16:55,618 - ServerMonitor - DEBUG - Detailed stats: {
  "tcp_clients_active": 0,
  "udp_clients_seen": 0,
  "tcp_clients": {},
  "udp_clients": {}
}
2025-09-13 14:17:25,622 - ServerMonitor - INFO - Server Stats - TCP Clients: 0, UDP Clients Seen: 0
2025-09-13 14:17:25,624 - ServerMonitor - DEBUG - Detailed stats: {
  "tcp_clients_active": 0,
  "udp_clients_seen": 0,
  "tcp_clients": {},
  "udp_clients": {}
}
2025-09-13 14:17:55,629 - ServerMonitor - INFO - Server Stats - TCP Clients: 0, UDP Clients Seen: 0
2025-09-13 14:17:55,630 - ServerMonitor - DEBUG - Detailed stats: {
  "tcp_clients_active": 0,
  "udp_clients_seen": 0,
  "tcp_clients": {},
  "udp_clients": {}
}
