2025-09-13 11:14:07,256 - root - INFO - === Resilient Server Starting ===
2025-09-13 11:14:07,257 - ServerMonitor - INFO - Server monitor started (reporting every 30s)
2025-09-13 11:14:07,257 - root - INFO - All servers started successfully
2025-09-13 11:14:07,257 - root - INFO - TCP Server: localhost:8080
2025-09-13 11:14:07,257 - root - INFO - UDP Server: localhost:8081
2025-09-13 11:14:07,257 - root - INFO - Press Ctrl+C to shutdown
2025-09-13 11:14:07,264 - UDPServer - INFO - UDP Server listening on localhost:8081
2025-09-13 11:14:07,264 - TCPServer - INFO - TCP Server listening on localhost:8080
2025-09-13 11:14:26,795 - ClientManager - INFO - TCP client tcp_client_1 connected from ('127.0.0.1', 63547)
2025-09-13 11:14:26,796 - TCPServer - INFO - Handling client tcp_client_1 from ('127.0.0.1', 63547)
2025-09-13 11:14:33,317 - TCPServer - DEBUG - [tcp_client_1] Received: Hey|e4599fa9...
2025-09-13 11:14:33,318 - FaultSimulator - WARNING - [TCP] Simulating data corruption for client tcp_client_1
2025-09-13 11:14:33,318 - FaultSimulator - DEBUG - [TCP] Corrupted data: b'H\x9ay|e4599fa9' for client tcp_client_1
2025-09-13 11:14:33,318 - TCPServer - DEBUG - [tcp_client_1] Sent response (12 bytes)
2025-09-13 11:14:33,318 - TCPServer - INFO - Client tcp_client_1 disconnected gracefully
2025-09-13 11:14:33,319 - ClientManager - INFO - TCP client tcp_client_1 disconnected. Session duration: 0:00:06.523678, Messages: 1 received, 1 sent
2025-09-13 11:14:33,319 - TCPServer - INFO - Client tcp_client_1 handler terminated
2025-09-13 11:14:37,261 - ServerMonitor - INFO - Server Stats - TCP Clients: 0, UDP Clients Seen: 0
2025-09-13 11:14:37,261 - ServerMonitor - DEBUG - Detailed stats: {
  "tcp_clients_active": 0,
  "udp_clients_seen": 0,
  "tcp_clients": {},
  "udp_clients": {}
}
2025-09-13 11:15:07,265 - ServerMonitor - INFO - Server Stats - TCP Clients: 0, UDP Clients Seen: 0
2025-09-13 11:15:07,268 - ServerMonitor - DEBUG - Detailed stats: {
  "tcp_clients_active": 0,
  "udp_clients_seen": 0,
  "tcp_clients": {},
  "udp_clients": {}
}
2025-09-13 11:15:29,883 - ClientManager - INFO - TCP client tcp_client_2 connected from ('127.0.0.1', 63552)
2025-09-13 11:15:29,886 - TCPServer - INFO - Handling client tcp_client_2 from ('127.0.0.1', 63552)
2025-09-13 11:15:31,614 - TCPServer - DEBUG - [tcp_client_2] Received: Test|640ab2ba...
2025-09-13 11:15:31,615 - FaultSimulator - WARNING - [TCP] Simulating data corruption for client tcp_client_2
2025-09-13 11:15:31,615 - FaultSimulator - DEBUG - [TCP] Corrupted data: b'T\x9ast|640ab2ba' for client tcp_client_2
2025-09-13 11:15:31,615 - TCPServer - DEBUG - [tcp_client_2] Sent response (13 bytes)
2025-09-13 11:15:31,615 - TCPServer - INFO - Client tcp_client_2 disconnected gracefully
2025-09-13 11:15:31,615 - ClientManager - INFO - TCP client tcp_client_2 disconnected. Session duration: 0:00:01.732344, Messages: 1 received, 1 sent
2025-09-13 11:15:31,615 - TCPServer - INFO - Client tcp_client_2 handler terminated
2025-09-13 11:15:37,272 - ServerMonitor - INFO - Server Stats - TCP Clients: 0, UDP Clients Seen: 0
2025-09-13 11:15:37,273 - ServerMonitor - DEBUG - Detailed stats: {
  "tcp_clients_active": 0,
  "udp_clients_seen": 0,
  "tcp_clients": {},
  "udp_clients": {}
}
2025-09-13 11:16:07,278 - ServerMonitor - INFO - Server Stats - TCP Clients: 0, UDP Clients Seen: 0
2025-09-13 11:16:07,281 - ServerMonitor - DEBUG - Detailed stats: {
  "tcp_clients_active": 0,
  "udp_clients_seen": 0,
  "tcp_clients": {},
  "udp_clients": {}
}
2025-09-13 11:16:20,774 - ClientManager - INFO - TCP client tcp_client_3 connected from ('127.0.0.1', 63609)
2025-09-13 11:16:20,775 - TCPServer - INFO - Handling client tcp_client_3 from ('127.0.0.1', 63609)
2025-09-13 11:16:34,470 - ClientManager - INFO - TCP client tcp_client_4 connected from ('127.0.0.1', 63610)
2025-09-13 11:16:34,471 - TCPServer - INFO - Handling client tcp_client_4 from ('127.0.0.1', 63610)
2025-09-13 11:16:37,285 - ServerMonitor - INFO - Server Stats - TCP Clients: 2, UDP Clients Seen: 0
2025-09-13 11:16:37,286 - ServerMonitor - DEBUG - Detailed stats: {
  "tcp_clients_active": 2,
  "udp_clients_seen": 0,
  "tcp_clients": {
    "tcp_client_3": {
      "connection": "<socket.socket fd=7, family=2, type=1, proto=0, laddr=('127.0.0.1', 8080), raddr=('127.0.0.1', 63609)>",
      "address": [
        "127.0.0.1",
        63609
      ],
      "connected_at": "2025-09-13 11:16:20.774697",
      "messages_sent": 0,
      "messages_received": 0,
      "bytes_sent": 0,
      "bytes_received": 0
    },
    "tcp_client_4": {
      "connection": "<socket.socket fd=9, family=2, type=1, proto=0, laddr=('127.0.0.1', 8080), raddr=('127.0.0.1', 63610)>",
      "address": [
        "127.0.0.1",
        63610
      ],
      "connected_at": "2025-09-13 11:16:34.470450",
      "messages_sent": 0,
      "messages_received": 0,
      "bytes_sent": 0,
      "bytes_received": 0
    }
  },
  "udp_clients": {}
}
2025-09-13 11:16:50,776 - TCPServer - WARNING - Client tcp_client_3 timed out
2025-09-13 11:16:50,778 - ClientManager - INFO - TCP client tcp_client_3 disconnected. Session duration: 0:00:30.003263, Messages: 0 received, 0 sent
2025-09-13 11:16:50,778 - TCPServer - INFO - Client tcp_client_3 handler terminated
2025-09-13 11:16:59,229 - TCPServer - DEBUG - [tcp_client_4] Received: From client2|53e48551...
2025-09-13 11:16:59,230 - FaultSimulator - WARNING - [TCP] Simulating data corruption for client tcp_client_4
2025-09-13 11:16:59,230 - FaultSimulator - DEBUG - [TCP] Corrupted data: b'From clien\x8b2|53e48551' for client tcp_client_4
2025-09-13 11:16:59,235 - TCPServer - DEBUG - [tcp_client_4] Sent response (21 bytes)
2025-09-13 11:16:59,236 - TCPServer - INFO - Client tcp_client_4 disconnected gracefully
2025-09-13 11:16:59,237 - ClientManager - INFO - TCP client tcp_client_4 disconnected. Session duration: 0:00:24.766635, Messages: 1 received, 1 sent
2025-09-13 11:16:59,237 - TCPServer - INFO - Client tcp_client_4 handler terminated
2025-09-13 11:17:07,287 - ServerMonitor - INFO - Server Stats - TCP Clients: 0, UDP Clients Seen: 0
2025-09-13 11:17:07,288 - ServerMonitor - DEBUG - Detailed stats: {
  "tcp_clients_active": 0,
  "udp_clients_seen": 0,
  "tcp_clients": {},
  "udp_clients": {}
}
2025-09-13 11:17:37,294 - ServerMonitor - INFO - Server Stats - TCP Clients: 0, UDP Clients Seen: 0
2025-09-13 11:17:37,296 - ServerMonitor - DEBUG - Detailed stats: {
  "tcp_clients_active": 0,
  "udp_clients_seen": 0,
  "tcp_clients": {},
  "udp_clients": {}
}
2025-09-13 11:18:07,300 - ServerMonitor - INFO - Server Stats - TCP Clients: 0, UDP Clients Seen: 0
2025-09-13 11:18:07,302 - ServerMonitor - DEBUG - Detailed stats: {
  "tcp_clients_active": 0,
  "udp_clients_seen": 0,
  "tcp_clients": {},
  "udp_clients": {}
}
2025-09-13 11:18:21,177 - ClientManager - INFO - TCP client tcp_client_5 connected from ('127.0.0.1', 63645)
2025-09-13 11:18:21,179 - TCPServer - INFO - Handling client tcp_client_5 from ('127.0.0.1', 63645)
2025-09-13 11:18:37,305 - ServerMonitor - INFO - Server Stats - TCP Clients: 1, UDP Clients Seen: 0
2025-09-13 11:18:37,307 - ServerMonitor - DEBUG - Detailed stats: {
  "tcp_clients_active": 1,
  "udp_clients_seen": 0,
  "tcp_clients": {
    "tcp_client_5": {
      "connection": "<socket.socket fd=7, family=2, type=1, proto=0, laddr=('127.0.0.1', 8080), raddr=('127.0.0.1', 63645)>",
      "address": [
        "127.0.0.1",
        63645
      ],
      "connected_at": "2025-09-13 11:18:21.177058",
      "messages_sent": 0,
      "messages_received": 0,
      "bytes_sent": 0,
      "bytes_received": 0
    }
  },
  "udp_clients": {}
}
2025-09-13 11:18:45,382 - ClientManager - INFO - TCP client tcp_client_6 connected from ('127.0.0.1', 63647)
2025-09-13 11:18:45,383 - TCPServer - INFO - Handling client tcp_client_6 from ('127.0.0.1', 63647)
2025-09-13 11:18:51,179 - TCPServer - WARNING - Client tcp_client_5 timed out
2025-09-13 11:18:51,180 - ClientManager - INFO - TCP client tcp_client_5 disconnected. Session duration: 0:00:30.003479, Messages: 0 received, 0 sent
2025-09-13 11:18:51,180 - TCPServer - INFO - Client tcp_client_5 handler terminated
2025-09-13 11:18:51,241 - TCPServer - DEBUG - [tcp_client_6] Received: from client6|6b81d2b1...
2025-09-13 11:18:51,241 - FaultSimulator - WARNING - [TCP] Simulating data corruption for client tcp_client_6
2025-09-13 11:18:51,241 - FaultSimulator - DEBUG - [TCP] Corrupted data: b'\x99rom client6|6b81d2b1' for client tcp_client_6
2025-09-13 11:18:51,241 - TCPServer - DEBUG - [tcp_client_6] Sent response (21 bytes)
2025-09-13 11:18:51,242 - TCPServer - INFO - Client tcp_client_6 disconnected gracefully
2025-09-13 11:18:51,242 - ClientManager - INFO - TCP client tcp_client_6 disconnected. Session duration: 0:00:05.860318, Messages: 1 received, 1 sent
2025-09-13 11:18:51,242 - TCPServer - INFO - Client tcp_client_6 handler terminated
2025-09-13 11:19:07,311 - ServerMonitor - INFO - Server Stats - TCP Clients: 0, UDP Clients Seen: 0
2025-09-13 11:19:07,312 - ServerMonitor - DEBUG - Detailed stats: {
  "tcp_clients_active": 0,
  "udp_clients_seen": 0,
  "tcp_clients": {},
  "udp_clients": {}
}
2025-09-13 11:19:09,591 - ClientManager - INFO - TCP client tcp_client_7 connected from ('127.0.0.1', 63651)
2025-09-13 11:19:09,592 - TCPServer - INFO - Handling client tcp_client_7 from ('127.0.0.1', 63651)
2025-09-13 11:19:18,006 - ClientManager - INFO - TCP client tcp_client_8 connected from ('127.0.0.1', 63653)
2025-09-13 11:19:18,008 - TCPServer - INFO - Handling client tcp_client_8 from ('127.0.0.1', 63653)
2025-09-13 11:19:25,492 - TCPServer - DEBUG - [tcp_client_7] Received: from client7|807bb019...
2025-09-13 11:19:25,494 - FaultSimulator - WARNING - [TCP] Simulating data corruption for client tcp_client_7
2025-09-13 11:19:25,494 - FaultSimulator - DEBUG - [TCP] Corrupted data: b'from clien\x8b7|807bb019' for client tcp_client_7
2025-09-13 11:19:25,494 - TCPServer - DEBUG - [tcp_client_7] Sent response (21 bytes)
2025-09-13 11:19:25,495 - TCPServer - INFO - Client tcp_client_7 disconnected gracefully
2025-09-13 11:19:25,495 - ClientManager - INFO - TCP client tcp_client_7 disconnected. Session duration: 0:00:15.904256, Messages: 1 received, 1 sent
2025-09-13 11:19:25,495 - TCPServer - INFO - Client tcp_client_7 handler terminated
2025-09-13 11:19:29,116 - TCPServer - DEBUG - [tcp_client_8] Received: hey|7f550a9f...
2025-09-13 11:19:29,116 - FaultSimulator - WARNING - [TCP] Simulating data corruption for client tcp_client_8
2025-09-13 11:19:29,117 - FaultSimulator - DEBUG - [TCP] Corrupted data: b'h\x9ay|7f550a9f' for client tcp_client_8
2025-09-13 11:19:29,117 - TCPServer - DEBUG - [tcp_client_8] Sent response (12 bytes)
2025-09-13 11:19:29,117 - TCPServer - INFO - Client tcp_client_8 disconnected gracefully
2025-09-13 11:19:29,118 - ClientManager - INFO - TCP client tcp_client_8 disconnected. Session duration: 0:00:11.112293, Messages: 1 received, 1 sent
2025-09-13 11:19:29,118 - TCPServer - INFO - Client tcp_client_8 handler terminated
2025-09-13 11:19:37,314 - ServerMonitor - INFO - Server Stats - TCP Clients: 0, UDP Clients Seen: 0
2025-09-13 11:19:37,315 - ServerMonitor - DEBUG - Detailed stats: {
  "tcp_clients_active": 0,
  "udp_clients_seen": 0,
  "tcp_clients": {},
  "udp_clients": {}
}
2025-09-13 11:20:07,318 - ServerMonitor - INFO - Server Stats - TCP Clients: 0, UDP Clients Seen: 0
2025-09-13 11:20:07,319 - ServerMonitor - DEBUG - Detailed stats: {
  "tcp_clients_active": 0,
  "udp_clients_seen": 0,
  "tcp_clients": {},
  "udp_clients": {}
}
2025-09-13 11:20:09,276 - root - INFO - 
Shutdown requested...
2025-09-13 11:20:09,276 - root - INFO - Shutting down servers...
2025-09-13 11:20:09,276 - TCPServer - INFO - TCP Server shutdown complete
2025-09-13 11:20:09,276 - UDPServer - INFO - UDP Server shutdown complete
2025-09-13 11:20:09,601 - UDPServer - INFO - UDP Server shutdown complete
2025-09-13 11:20:10,053 - TCPServer - INFO - TCP Server shutdown complete
2025-09-13 11:20:11,277 - root - INFO - === Server Shutdown Complete ===
