2025-09-13 14:04:59,569 - root - INFO - === Resilient Server Starting ===
2025-09-13 14:04:59,570 - ServerMonitor - INFO - Server monitor started (reporting every 30s)
2025-09-13 14:04:59,571 - root - INFO - All servers started successfully
2025-09-13 14:04:59,571 - root - INFO - TCP Server: localhost:8080
2025-09-13 14:04:59,571 - root - INFO - UDP Server: localhost:8081
2025-09-13 14:04:59,571 - root - INFO - Press Ctrl+C to shutdown
2025-09-13 14:04:59,641 - UDPServer - INFO - UDP Server listening on localhost:8081
2025-09-13 14:04:59,642 - TCPServer - INFO - TCP Server listening on localhost:8080
2025-09-13 14:05:02,935 - ClientManager - INFO - TCP client tcp_client_1 connected from ('127.0.0.1', 64318)
2025-09-13 14:05:02,936 - TCPServer - INFO - Handling client tcp_client_1 from ('127.0.0.1', 64318)
2025-09-13 14:05:04,159 - TCPServer - DEBUG - [tcp_client_1] Received: Hey|e4599fa9...
2025-09-13 14:05:04,159 - FaultSimulator - WARNING - [TCP] Simulating delay: 5.18s for client tcp_client_1
2025-09-13 14:05:09,167 - TCPServer - DEBUG - [tcp_client_1] Sent response (12 bytes)
2025-09-13 14:05:09,176 - TCPServer - DEBUG - [tcp_client_1] Received: Hey|e4599fa9...
2025-09-13 14:05:09,176 - FaultSimulator - WARNING - [TCP] Simulating delay: 9.69s for client tcp_client_1
2025-09-13 14:05:14,178 - TCPServer - ERROR - Socket error with client tcp_client_1: [Errno 32] Broken pipe
2025-09-13 14:05:14,179 - ClientManager - INFO - TCP client tcp_client_1 disconnected. Session duration: 0:00:11.244463, Messages: 2 received, 1 sent
2025-09-13 14:05:14,179 - TCPServer - INFO - Client tcp_client_1 handler terminated
2025-09-13 14:05:29,632 - ServerMonitor - INFO - Server Stats - TCP Clients: 0, UDP Clients Seen: 0
2025-09-13 14:05:29,661 - ServerMonitor - DEBUG - Detailed stats: {
  "tcp_clients_active": 0,
  "udp_clients_seen": 0,
  "tcp_clients": {},
  "udp_clients": {}
}
2025-09-13 14:05:59,703 - ServerMonitor - INFO - Server Stats - TCP Clients: 0, UDP Clients Seen: 0
2025-09-13 14:05:59,703 - ServerMonitor - DEBUG - Detailed stats: {
  "tcp_clients_active": 0,
  "udp_clients_seen": 0,
  "tcp_clients": {},
  "udp_clients": {}
}
2025-09-13 14:06:29,708 - ServerMonitor - INFO - Server Stats - TCP Clients: 0, UDP Clients Seen: 0
2025-09-13 14:06:29,710 - ServerMonitor - DEBUG - Detailed stats: {
  "tcp_clients_active": 0,
  "udp_clients_seen": 0,
  "tcp_clients": {},
  "udp_clients": {}
}
2025-09-13 14:06:50,670 - root - INFO - 
Shutdown requested...
2025-09-13 14:06:50,671 - root - INFO - Shutting down servers...
2025-09-13 14:06:50,672 - TCPServer - INFO - TCP Server shutdown complete
2025-09-13 14:06:50,672 - UDPServer - INFO - UDP Server shutdown complete
2025-09-13 14:06:50,817 - UDPServer - INFO - UDP Server shutdown complete
2025-09-13 14:06:51,263 - TCPServer - INFO - TCP Server shutdown complete
2025-09-13 14:06:52,677 - root - INFO - === Server Shutdown Complete ===
