2025-09-13 11:21:14,479 - root - INFO - === Resilient Server Starting ===
2025-09-13 11:21:14,480 - ServerMonitor - INFO - Server monitor started (reporting every 30s)
2025-09-13 11:21:14,480 - root - INFO - All servers started successfully
2025-09-13 11:21:14,480 - root - INFO - TCP Server: localhost:8080
2025-09-13 11:21:14,480 - root - INFO - UDP Server: localhost:8081
2025-09-13 11:21:14,480 - root - INFO - Press Ctrl+C to shutdown
2025-09-13 11:21:14,481 - UDPServer - INFO - UDP Server listening on localhost:8081
2025-09-13 11:21:14,482 - TCPServer - INFO - TCP Server listening on localhost:8080
2025-09-13 11:21:19,393 - ClientManager - INFO - TCP client tcp_client_1 connected from ('127.0.0.1', 63722)
2025-09-13 11:21:19,394 - TCPServer - INFO - Handling client tcp_client_1 from ('127.0.0.1', 63722)
2025-09-13 11:21:20,767 - TCPServer - DEBUG - [tcp_client_1] Received: hey|7f550a9f...
2025-09-13 11:21:20,768 - FaultSimulator - WARNING - [TCP] Simulating delay: 9.79s for client tcp_client_1
2025-09-13 11:21:25,772 - TCPServer - DEBUG - [tcp_client_1] Sent response (12 bytes)
2025-09-13 11:21:25,772 - TCPServer - DEBUG - [tcp_client_1] Received: hey|7f550a9f...
2025-09-13 11:21:25,772 - FaultSimulator - WARNING - [TCP] Simulating delay: 5.40s for client tcp_client_1
2025-09-13 11:21:30,778 - TCPServer - DEBUG - [tcp_client_1] Sent response (12 bytes)
2025-09-13 11:21:30,779 - TCPServer - ERROR - Socket error with client tcp_client_1: [Errno 54] Connection reset by peer
2025-09-13 11:21:30,780 - ClientManager - INFO - TCP client tcp_client_1 disconnected. Session duration: 0:00:11.386314, Messages: 2 received, 2 sent
2025-09-13 11:21:30,780 - TCPServer - INFO - Client tcp_client_1 handler terminated
2025-09-13 11:21:44,484 - ServerMonitor - INFO - Server Stats - TCP Clients: 0, UDP Clients Seen: 0
2025-09-13 11:21:44,486 - ServerMonitor - DEBUG - Detailed stats: {
  "tcp_clients_active": 0,
  "udp_clients_seen": 0,
  "tcp_clients": {},
  "udp_clients": {}
}
2025-09-13 11:21:57,700 - root - INFO - 
Shutdown requested...
2025-09-13 11:21:57,704 - root - INFO - Shutting down servers...
2025-09-13 11:21:57,704 - TCPServer - INFO - TCP Server shutdown complete
2025-09-13 11:21:57,705 - UDPServer - INFO - UDP Server shutdown complete
2025-09-13 11:21:58,431 - TCPServer - INFO - TCP Server shutdown complete
2025-09-13 11:21:58,521 - UDPServer - INFO - UDP Server shutdown complete
2025-09-13 11:21:59,710 - root - INFO - === Server Shutdown Complete ===
