2025-09-13 11:24:17,303 - root - INFO - === Resilient Server Starting ===
2025-09-13 11:24:17,303 - ServerMonitor - INFO - Server monitor started (reporting every 30s)
2025-09-13 11:24:17,303 - root - INFO - All servers started successfully
2025-09-13 11:24:17,304 - root - INFO - TCP Server: localhost:8080
2025-09-13 11:24:17,304 - root - INFO - UDP Server: localhost:8081
2025-09-13 11:24:17,304 - root - INFO - Press Ctrl+C to shutdown
2025-09-13 11:24:17,305 - UDPServer - INFO - UDP Server listening on localhost:8081
2025-09-13 11:24:17,305 - TCPServer - INFO - TCP Server listening on localhost:8080
2025-09-13 11:24:22,324 - ClientManager - INFO - TCP client tcp_client_1 connected from ('127.0.0.1', 63751)
2025-09-13 11:24:22,324 - TCPServer - INFO - Handling client tcp_client_1 from ('127.0.0.1', 63751)
2025-09-13 11:24:23,498 - TCPServer - DEBUG - [tcp_client_1] Received: Hey|e4599fa9...
2025-09-13 11:24:23,499 - FaultSimulator - WARNING - [TCP] Simulating delay: 3.54s for client tcp_client_1
2025-09-13 11:24:28,504 - TCPServer - DEBUG - [tcp_client_1] Sent response (12 bytes)
2025-09-13 11:24:28,505 - TCPServer - DEBUG - [tcp_client_1] Received: Hey|e4599fa9...
2025-09-13 11:24:28,505 - FaultSimulator - WARNING - [TCP] Simulating delay: 3.95s for client tcp_client_1
2025-09-13 11:24:33,510 - TCPServer - ERROR - Socket error with client tcp_client_1: [Errno 32] Broken pipe
2025-09-13 11:24:33,512 - ClientManager - INFO - TCP client tcp_client_1 disconnected. Session duration: 0:00:11.188591, Messages: 2 received, 1 sent
2025-09-13 11:24:33,512 - TCPServer - INFO - Client tcp_client_1 handler terminated
2025-09-13 11:24:47,308 - ServerMonitor - INFO - Server Stats - TCP Clients: 0, UDP Clients Seen: 0
2025-09-13 11:24:47,309 - ServerMonitor - DEBUG - Detailed stats: {
  "tcp_clients_active": 0,
  "udp_clients_seen": 0,
  "tcp_clients": {},
  "udp_clients": {}
}
2025-09-13 11:25:17,313 - ServerMonitor - INFO - Server Stats - TCP Clients: 0, UDP Clients Seen: 0
2025-09-13 11:25:17,315 - ServerMonitor - DEBUG - Detailed stats: {
  "tcp_clients_active": 0,
  "udp_clients_seen": 0,
  "tcp_clients": {},
  "udp_clients": {}
}
2025-09-13 11:25:47,319 - ServerMonitor - INFO - Server Stats - TCP Clients: 0, UDP Clients Seen: 0
2025-09-13 11:25:47,321 - ServerMonitor - DEBUG - Detailed stats: {
  "tcp_clients_active": 0,
  "udp_clients_seen": 0,
  "tcp_clients": {},
  "udp_clients": {}
}
2025-09-13 11:26:17,326 - ServerMonitor - INFO - Server Stats - TCP Clients: 0, UDP Clients Seen: 0
2025-09-13 11:26:17,328 - ServerMonitor - DEBUG - Detailed stats: {
  "tcp_clients_active": 0,
  "udp_clients_seen": 0,
  "tcp_clients": {},
  "udp_clients": {}
}
2025-09-13 11:26:47,330 - ServerMonitor - INFO - Server Stats - TCP Clients: 0, UDP Clients Seen: 0
2025-09-13 11:26:47,332 - ServerMonitor - DEBUG - Detailed stats: {
  "tcp_clients_active": 0,
  "udp_clients_seen": 0,
  "tcp_clients": {},
  "udp_clients": {}
}
2025-09-13 11:27:17,334 - ServerMonitor - INFO - Server Stats - TCP Clients: 0, UDP Clients Seen: 0
2025-09-13 11:27:17,337 - ServerMonitor - DEBUG - Detailed stats: {
  "tcp_clients_active": 0,
  "udp_clients_seen": 0,
  "tcp_clients": {},
  "udp_clients": {}
}
2025-09-13 11:27:47,341 - ServerMonitor - INFO - Server Stats - TCP Clients: 0, UDP Clients Seen: 0
2025-09-13 11:27:47,343 - ServerMonitor - DEBUG - Detailed stats: {
  "tcp_clients_active": 0,
  "udp_clients_seen": 0,
  "tcp_clients": {},
  "udp_clients": {}
}
2025-09-13 11:28:17,343 - ServerMonitor - INFO - Server Stats - TCP Clients: 0, UDP Clients Seen: 0
2025-09-13 11:28:17,346 - ServerMonitor - DEBUG - Detailed stats: {
  "tcp_clients_active": 0,
  "udp_clients_seen": 0,
  "tcp_clients": {},
  "udp_clients": {}
}
2025-09-13 11:28:47,349 - ServerMonitor - INFO - Server Stats - TCP Clients: 0, UDP Clients Seen: 0
2025-09-13 11:28:47,350 - ServerMonitor - DEBUG - Detailed stats: {
  "tcp_clients_active": 0,
  "udp_clients_seen": 0,
  "tcp_clients": {},
  "udp_clients": {}
}
2025-09-13 11:29:17,350 - ServerMonitor - INFO - Server Stats - TCP Clients: 0, UDP Clients Seen: 0
2025-09-13 11:29:17,352 - ServerMonitor - DEBUG - Detailed stats: {
  "tcp_clients_active": 0,
  "udp_clients_seen": 0,
  "tcp_clients": {},
  "udp_clients": {}
}
2025-09-13 11:29:47,354 - ServerMonitor - INFO - Server Stats - TCP Clients: 0, UDP Clients Seen: 0
2025-09-13 11:29:47,356 - ServerMonitor - DEBUG - Detailed stats: {
  "tcp_clients_active": 0,
  "udp_clients_seen": 0,
  "tcp_clients": {},
  "udp_clients": {}
}
2025-09-13 11:30:17,365 - ServerMonitor - INFO - Server Stats - TCP Clients: 0, UDP Clients Seen: 0
2025-09-13 11:30:17,366 - ServerMonitor - DEBUG - Detailed stats: {
  "tcp_clients_active": 0,
  "udp_clients_seen": 0,
  "tcp_clients": {},
  "udp_clients": {}
}
2025-09-13 11:30:47,374 - ServerMonitor - INFO - Server Stats - TCP Clients: 0, UDP Clients Seen: 0
2025-09-13 11:30:47,375 - ServerMonitor - DEBUG - Detailed stats: {
  "tcp_clients_active": 0,
  "udp_clients_seen": 0,
  "tcp_clients": {},
  "udp_clients": {}
}
2025-09-13 11:31:17,375 - ServerMonitor - INFO - Server Stats - TCP Clients: 0, UDP Clients Seen: 0
2025-09-13 11:31:17,376 - ServerMonitor - DEBUG - Detailed stats: {
  "tcp_clients_active": 0,
  "udp_clients_seen": 0,
  "tcp_clients": {},
  "udp_clients": {}
}
2025-09-13 11:31:47,384 - ServerMonitor - INFO - Server Stats - TCP Clients: 0, UDP Clients Seen: 0
2025-09-13 11:31:47,385 - ServerMonitor - DEBUG - Detailed stats: {
  "tcp_clients_active": 0,
  "udp_clients_seen": 0,
  "tcp_clients": {},
  "udp_clients": {}
}
2025-09-13 11:32:17,393 - ServerMonitor - INFO - Server Stats - TCP Clients: 0, UDP Clients Seen: 0
2025-09-13 11:32:17,394 - ServerMonitor - DEBUG - Detailed stats: {
  "tcp_clients_active": 0,
  "udp_clients_seen": 0,
  "tcp_clients": {},
  "udp_clients": {}
}
2025-09-13 11:32:47,403 - ServerMonitor - INFO - Server Stats - TCP Clients: 0, UDP Clients Seen: 0
2025-09-13 11:32:47,404 - ServerMonitor - DEBUG - Detailed stats: {
  "tcp_clients_active": 0,
  "udp_clients_seen": 0,
  "tcp_clients": {},
  "udp_clients": {}
}
2025-09-13 11:33:17,407 - ServerMonitor - INFO - Server Stats - TCP Clients: 0, UDP Clients Seen: 0
2025-09-13 11:33:17,408 - ServerMonitor - DEBUG - Detailed stats: {
  "tcp_clients_active": 0,
  "udp_clients_seen": 0,
  "tcp_clients": {},
  "udp_clients": {}
}
2025-09-13 11:33:47,415 - ServerMonitor - INFO - Server Stats - TCP Clients: 0, UDP Clients Seen: 0
2025-09-13 11:33:47,417 - ServerMonitor - DEBUG - Detailed stats: {
  "tcp_clients_active": 0,
  "udp_clients_seen": 0,
  "tcp_clients": {},
  "udp_clients": {}
}
2025-09-13 11:34:17,426 - ServerMonitor - INFO - Server Stats - TCP Clients: 0, UDP Clients Seen: 0
2025-09-13 11:34:17,427 - ServerMonitor - DEBUG - Detailed stats: {
  "tcp_clients_active": 0,
  "udp_clients_seen": 0,
  "tcp_clients": {},
  "udp_clients": {}
}
2025-09-13 11:34:47,526 - ServerMonitor - INFO - Server Stats - TCP Clients: 0, UDP Clients Seen: 0
2025-09-13 11:34:47,529 - ServerMonitor - DEBUG - Detailed stats: {
  "tcp_clients_active": 0,
  "udp_clients_seen": 0,
  "tcp_clients": {},
  "udp_clients": {}
}
2025-09-13 11:35:17,535 - ServerMonitor - INFO - Server Stats - TCP Clients: 0, UDP Clients Seen: 0
2025-09-13 11:35:17,537 - ServerMonitor - DEBUG - Detailed stats: {
  "tcp_clients_active": 0,
  "udp_clients_seen": 0,
  "tcp_clients": {},
  "udp_clients": {}
}
2025-09-13 11:51:12,477 - ServerMonitor - INFO - Server Stats - TCP Clients: 0, UDP Clients Seen: 0
2025-09-13 11:51:12,482 - ServerMonitor - DEBUG - Detailed stats: {
  "tcp_clients_active": 0,
  "udp_clients_seen": 0,
  "tcp_clients": {},
  "udp_clients": {}
}
2025-09-13 11:53:43,237 - ServerMonitor - INFO - Server Stats - TCP Clients: 0, UDP Clients Seen: 0
2025-09-13 11:53:43,239 - ServerMonitor - DEBUG - Detailed stats: {
  "tcp_clients_active": 0,
  "udp_clients_seen": 0,
  "tcp_clients": {},
  "udp_clients": {}
}
2025-09-13 11:54:13,245 - ServerMonitor - INFO - Server Stats - TCP Clients: 0, UDP Clients Seen: 0
2025-09-13 11:54:13,247 - ServerMonitor - DEBUG - Detailed stats: {
  "tcp_clients_active": 0,
  "udp_clients_seen": 0,
  "tcp_clients": {},
  "udp_clients": {}
}
2025-09-13 11:54:59,237 - ServerMonitor - INFO - Server Stats - TCP Clients: 0, UDP Clients Seen: 0
2025-09-13 11:54:59,240 - ServerMonitor - DEBUG - Detailed stats: {
  "tcp_clients_active": 0,
  "udp_clients_seen": 0,
  "tcp_clients": {},
  "udp_clients": {}
}
2025-09-13 12:04:58,576 - ServerMonitor - INFO - Server Stats - TCP Clients: 0, UDP Clients Seen: 0
2025-09-13 12:04:58,601 - ServerMonitor - DEBUG - Detailed stats: {
  "tcp_clients_active": 0,
  "udp_clients_seen": 0,
  "tcp_clients": {},
  "udp_clients": {}
}
2025-09-13 12:05:28,616 - ServerMonitor - INFO - Server Stats - TCP Clients: 0, UDP Clients Seen: 0
2025-09-13 12:05:28,623 - ServerMonitor - DEBUG - Detailed stats: {
  "tcp_clients_active": 0,
  "udp_clients_seen": 0,
  "tcp_clients": {},
  "udp_clients": {}
}
2025-09-13 12:28:36,756 - ServerMonitor - INFO - Server Stats - TCP Clients: 0, UDP Clients Seen: 0
2025-09-13 12:28:36,757 - ServerMonitor - DEBUG - Detailed stats: {
  "tcp_clients_active": 0,
  "udp_clients_seen": 0,
  "tcp_clients": {},
  "udp_clients": {}
}
2025-09-13 12:35:29,216 - ServerMonitor - INFO - Server Stats - TCP Clients: 0, UDP Clients Seen: 0
2025-09-13 12:35:29,220 - ServerMonitor - DEBUG - Detailed stats: {
  "tcp_clients_active": 0,
  "udp_clients_seen": 0,
  "tcp_clients": {},
  "udp_clients": {}
}
2025-09-13 12:52:42,319 - ServerMonitor - INFO - Server Stats - TCP Clients: 0, UDP Clients Seen: 0
2025-09-13 12:52:42,321 - ServerMonitor - DEBUG - Detailed stats: {
  "tcp_clients_active": 0,
  "udp_clients_seen": 0,
  "tcp_clients": {},
  "udp_clients": {}
}
2025-09-13 14:04:18,163 - ServerMonitor - INFO - Server Stats - TCP Clients: 0, UDP Clients Seen: 0
2025-09-13 14:04:18,168 - ServerMonitor - DEBUG - Detailed stats: {
  "tcp_clients_active": 0,
  "udp_clients_seen": 0,
  "tcp_clients": {},
  "udp_clients": {}
}
2025-09-13 14:04:48,245 - ServerMonitor - INFO - Server Stats - TCP Clients: 0, UDP Clients Seen: 0
2025-09-13 14:04:48,247 - ServerMonitor - DEBUG - Detailed stats: {
  "tcp_clients_active": 0,
  "udp_clients_seen": 0,
  "tcp_clients": {},
  "udp_clients": {}
}
2025-09-13 14:04:54,643 - root - INFO - 
Shutdown requested...
2025-09-13 14:04:54,644 - root - INFO - Shutting down servers...
2025-09-13 14:04:54,645 - TCPServer - INFO - TCP Server shutdown complete
2025-09-13 14:04:54,645 - UDPServer - INFO - UDP Server shutdown complete
2025-09-13 14:04:54,887 - UDPServer - INFO - UDP Server shutdown complete
2025-09-13 14:04:54,890 - TCPServer - INFO - TCP Server shutdown complete
2025-09-13 14:04:56,667 - root - INFO - === Server Shutdown Complete ===
